

Microchip MPLAB XC8 Assembler V2.05 build -831301201 
                                                                                               Sat May 18 15:07:21 2019

Microchip MPLAB XC8 C Compiler v2.05 (Free license) build 20181220022703 Og1 
     1                           	processor	16F1829
     2                           	opt	pw 120
     3                           	opt	flic
     4                           	psect	cinit,global,class=CODE,merge=1,delta=2
     5                           	psect	cstackCOMMON,global,class=COMMON,space=1,delta=1
     6                           	psect	maintext,global,class=CODE,merge=1,split=1,delta=2
     7                           	psect	text1,local,class=CODE,merge=1,delta=2
     8                           	dabs	1,0x7E,2
     9  0000                     
    10                           ; Version 2.05
    11                           ; Generated 20/12/2018 GMT
    12                           ; 
    13                           ; Copyright © 2018, Microchip Technology Inc. and its subsidiaries ("Microchip")
    14                           ; All rights reserved.
    15                           ; 
    16                           ; This software is developed by Microchip Technology Inc. and its subsidiaries ("Microch
      +                          ip").
    17                           ; 
    18                           ; Redistribution and use in source and binary forms, with or without modification, are
    19                           ; permitted provided that the following conditions are met:
    20                           ; 
    21                           ;     1. Redistributions of source code must retain the above copyright notice, this lis
      +                          t of
    22                           ;        conditions and the following disclaimer.
    23                           ; 
    24                           ;     2. Redistributions in binary form must reproduce the above copyright notice, this 
      +                          list
    25                           ;        of conditions and the following disclaimer in the documentation and/or other
    26                           ;        materials provided with the distribution.
    27                           ; 
    28                           ;     3. Microchip's name may not be used to endorse or promote products derived from th
      +                          is
    29                           ;        software without specific prior written permission.
    30                           ; 
    31                           ; THIS SOFTWARE IS PROVIDED BY MICROCHIP "AS IS" AND ANY EXPRESS OR IMPLIED WARRANTIES,
    32                           ; INCLUDING, BUT NOT LIMITED TO, THE IMPLIED WARRANTIES OF MERCHANTABILITY AND FITNESS F
      +                          OR
    33                           ; PURPOSE ARE DISCLAIMED.  IN NO EVENT SHALL MICROCHIP BE LIABLE FOR ANY DIRECT, INDIREC
      +                          T,
    34                           ; INCIDENTAL, SPECIAL, EXEMPLARY, OR CONSEQUENTIAL DAMAGES (INCLUDING BUT NOT LIMITED TO
    35                           ; PROCUREMENT OF SUBSTITUTE GOODS OR SERVICES; LOSS OF USE, DATA OR PROFITS; OR BUSINESS
    36                           ; INTERRUPTION) HOWSOEVER CAUSED AND ON ANY THEORY OF LIABILITY, WHETHER IN CONTRACT, ST
      +                          RICT
    37                           ; LIABILITY, OR TORT (INCLUDING NEGLIGENCE OR OTHERWISE) ARISING IN ANY WAY OUT OF THE U
      +                          SE OF
    38                           ; THIS SOFTWARE, EVEN IF ADVISED OF THE POSSIBILITY OF SUCH DAMAGE.
    39                           ; 
    40                           ; 
    41                           ; Code-generator required, PIC16F1829 Definitions
    42                           ; 
    43                           ; SFR Addresses
    44  0000                     	;# 
    45  0001                     	;# 
    46  0002                     	;# 
    47  0003                     	;# 
    48  0004                     	;# 
    49  0005                     	;# 
    50  0006                     	;# 
    51  0007                     	;# 
    52  0008                     	;# 
    53  0009                     	;# 
    54  000A                     	;# 
    55  000B                     	;# 
    56  000C                     	;# 
    57  000D                     	;# 
    58  000E                     	;# 
    59  0011                     	;# 
    60  0012                     	;# 
    61  0013                     	;# 
    62  0014                     	;# 
    63  0015                     	;# 
    64  0016                     	;# 
    65  0016                     	;# 
    66  0017                     	;# 
    67  0018                     	;# 
    68  0019                     	;# 
    69  001A                     	;# 
    70  001B                     	;# 
    71  001C                     	;# 
    72  001E                     	;# 
    73  001F                     	;# 
    74  008C                     	;# 
    75  008D                     	;# 
    76  008E                     	;# 
    77  0091                     	;# 
    78  0092                     	;# 
    79  0093                     	;# 
    80  0094                     	;# 
    81  0095                     	;# 
    82  0096                     	;# 
    83  0097                     	;# 
    84  0098                     	;# 
    85  0099                     	;# 
    86  009A                     	;# 
    87  009B                     	;# 
    88  009B                     	;# 
    89  009C                     	;# 
    90  009D                     	;# 
    91  009E                     	;# 
    92  010C                     	;# 
    93  010D                     	;# 
    94  010E                     	;# 
    95  0111                     	;# 
    96  0112                     	;# 
    97  0113                     	;# 
    98  0114                     	;# 
    99  0115                     	;# 
   100  0116                     	;# 
   101  0117                     	;# 
   102  0118                     	;# 
   103  0119                     	;# 
   104  011A                     	;# 
   105  011B                     	;# 
   106  011D                     	;# 
   107  011E                     	;# 
   108  018C                     	;# 
   109  018D                     	;# 
   110  018E                     	;# 
   111  0191                     	;# 
   112  0191                     	;# 
   113  0192                     	;# 
   114  0193                     	;# 
   115  0193                     	;# 
   116  0193                     	;# 
   117  0194                     	;# 
   118  0195                     	;# 
   119  0196                     	;# 
   120  0199                     	;# 
   121  019A                     	;# 
   122  019B                     	;# 
   123  019B                     	;# 
   124  019C                     	;# 
   125  019D                     	;# 
   126  019E                     	;# 
   127  019F                     	;# 
   128  020C                     	;# 
   129  020D                     	;# 
   130  020E                     	;# 
   131  0211                     	;# 
   132  0211                     	;# 
   133  0212                     	;# 
   134  0212                     	;# 
   135  0213                     	;# 
   136  0213                     	;# 
   137  0214                     	;# 
   138  0214                     	;# 
   139  0215                     	;# 
   140  0215                     	;# 
   141  0215                     	;# 
   142  0216                     	;# 
   143  0216                     	;# 
   144  0217                     	;# 
   145  0217                     	;# 
   146  0219                     	;# 
   147  021A                     	;# 
   148  021B                     	;# 
   149  021C                     	;# 
   150  021D                     	;# 
   151  021E                     	;# 
   152  021F                     	;# 
   153  0291                     	;# 
   154  0291                     	;# 
   155  0292                     	;# 
   156  0293                     	;# 
   157  0294                     	;# 
   158  0295                     	;# 
   159  0295                     	;# 
   160  0296                     	;# 
   161  0298                     	;# 
   162  0298                     	;# 
   163  0299                     	;# 
   164  029A                     	;# 
   165  029B                     	;# 
   166  029C                     	;# 
   167  029D                     	;# 
   168  029E                     	;# 
   169  0311                     	;# 
   170  0311                     	;# 
   171  0312                     	;# 
   172  0313                     	;# 
   173  0318                     	;# 
   174  0318                     	;# 
   175  0319                     	;# 
   176  031A                     	;# 
   177  038C                     	;# 
   178  038D                     	;# 
   179  038E                     	;# 
   180  0391                     	;# 
   181  0392                     	;# 
   182  0393                     	;# 
   183  0394                     	;# 
   184  0395                     	;# 
   185  0396                     	;# 
   186  039A                     	;# 
   187  039C                     	;# 
   188  039D                     	;# 
   189  039E                     	;# 
   190  039F                     	;# 
   191  0415                     	;# 
   192  0416                     	;# 
   193  0417                     	;# 
   194  041C                     	;# 
   195  041D                     	;# 
   196  041E                     	;# 
   197  0FE4                     	;# 
   198  0FE5                     	;# 
   199  0FE6                     	;# 
   200  0FE7                     	;# 
   201  0FE8                     	;# 
   202  0FE9                     	;# 
   203  0FEA                     	;# 
   204  0FEB                     	;# 
   205  0FED                     	;# 
   206  0FEE                     	;# 
   207  0FEF                     	;# 
   208  0000                     	;# 
   209  0001                     	;# 
   210  0002                     	;# 
   211  0003                     	;# 
   212  0004                     	;# 
   213  0005                     	;# 
   214  0006                     	;# 
   215  0007                     	;# 
   216  0008                     	;# 
   217  0009                     	;# 
   218  000A                     	;# 
   219  000B                     	;# 
   220  000C                     	;# 
   221  000D                     	;# 
   222  000E                     	;# 
   223  0011                     	;# 
   224  0012                     	;# 
   225  0013                     	;# 
   226  0014                     	;# 
   227  0015                     	;# 
   228  0016                     	;# 
   229  0016                     	;# 
   230  0017                     	;# 
   231  0018                     	;# 
   232  0019                     	;# 
   233  001A                     	;# 
   234  001B                     	;# 
   235  001C                     	;# 
   236  001E                     	;# 
   237  001F                     	;# 
   238  008C                     	;# 
   239  008D                     	;# 
   240  008E                     	;# 
   241  0091                     	;# 
   242  0092                     	;# 
   243  0093                     	;# 
   244  0094                     	;# 
   245  0095                     	;# 
   246  0096                     	;# 
   247  0097                     	;# 
   248  0098                     	;# 
   249  0099                     	;# 
   250  009A                     	;# 
   251  009B                     	;# 
   252  009B                     	;# 
   253  009C                     	;# 
   254  009D                     	;# 
   255  009E                     	;# 
   256  010C                     	;# 
   257  010D                     	;# 
   258  010E                     	;# 
   259  0111                     	;# 
   260  0112                     	;# 
   261  0113                     	;# 
   262  0114                     	;# 
   263  0115                     	;# 
   264  0116                     	;# 
   265  0117                     	;# 
   266  0118                     	;# 
   267  0119                     	;# 
   268  011A                     	;# 
   269  011B                     	;# 
   270  011D                     	;# 
   271  011E                     	;# 
   272  018C                     	;# 
   273  018D                     	;# 
   274  018E                     	;# 
   275  0191                     	;# 
   276  0191                     	;# 
   277  0192                     	;# 
   278  0193                     	;# 
   279  0193                     	;# 
   280  0193                     	;# 
   281  0194                     	;# 
   282  0195                     	;# 
   283  0196                     	;# 
   284  0199                     	;# 
   285  019A                     	;# 
   286  019B                     	;# 
   287  019B                     	;# 
   288  019C                     	;# 
   289  019D                     	;# 
   290  019E                     	;# 
   291  019F                     	;# 
   292  020C                     	;# 
   293  020D                     	;# 
   294  020E                     	;# 
   295  0211                     	;# 
   296  0211                     	;# 
   297  0212                     	;# 
   298  0212                     	;# 
   299  0213                     	;# 
   300  0213                     	;# 
   301  0214                     	;# 
   302  0214                     	;# 
   303  0215                     	;# 
   304  0215                     	;# 
   305  0215                     	;# 
   306  0216                     	;# 
   307  0216                     	;# 
   308  0217                     	;# 
   309  0217                     	;# 
   310  0219                     	;# 
   311  021A                     	;# 
   312  021B                     	;# 
   313  021C                     	;# 
   314  021D                     	;# 
   315  021E                     	;# 
   316  021F                     	;# 
   317  0291                     	;# 
   318  0291                     	;# 
   319  0292                     	;# 
   320  0293                     	;# 
   321  0294                     	;# 
   322  0295                     	;# 
   323  0295                     	;# 
   324  0296                     	;# 
   325  0298                     	;# 
   326  0298                     	;# 
   327  0299                     	;# 
   328  029A                     	;# 
   329  029B                     	;# 
   330  029C                     	;# 
   331  029D                     	;# 
   332  029E                     	;# 
   333  0311                     	;# 
   334  0311                     	;# 
   335  0312                     	;# 
   336  0313                     	;# 
   337  0318                     	;# 
   338  0318                     	;# 
   339  0319                     	;# 
   340  031A                     	;# 
   341  038C                     	;# 
   342  038D                     	;# 
   343  038E                     	;# 
   344  0391                     	;# 
   345  0392                     	;# 
   346  0393                     	;# 
   347  0394                     	;# 
   348  0395                     	;# 
   349  0396                     	;# 
   350  039A                     	;# 
   351  039C                     	;# 
   352  039D                     	;# 
   353  039E                     	;# 
   354  039F                     	;# 
   355  0415                     	;# 
   356  0416                     	;# 
   357  0417                     	;# 
   358  041C                     	;# 
   359  041D                     	;# 
   360  041E                     	;# 
   361  0FE4                     	;# 
   362  0FE5                     	;# 
   363  0FE6                     	;# 
   364  0FE7                     	;# 
   365  0FE8                     	;# 
   366  0FE9                     	;# 
   367  0FEA                     	;# 
   368  0FEB                     	;# 
   369  0FED                     	;# 
   370  0FEE                     	;# 
   371  0FEF                     	;# 
   372  0000                     	;# 
   373  0001                     	;# 
   374  0002                     	;# 
   375  0003                     	;# 
   376  0004                     	;# 
   377  0005                     	;# 
   378  0006                     	;# 
   379  0007                     	;# 
   380  0008                     	;# 
   381  0009                     	;# 
   382  000A                     	;# 
   383  000B                     	;# 
   384  000C                     	;# 
   385  000D                     	;# 
   386  000E                     	;# 
   387  0011                     	;# 
   388  0012                     	;# 
   389  0013                     	;# 
   390  0014                     	;# 
   391  0015                     	;# 
   392  0016                     	;# 
   393  0016                     	;# 
   394  0017                     	;# 
   395  0018                     	;# 
   396  0019                     	;# 
   397  001A                     	;# 
   398  001B                     	;# 
   399  001C                     	;# 
   400  001E                     	;# 
   401  001F                     	;# 
   402  008C                     	;# 
   403  008D                     	;# 
   404  008E                     	;# 
   405  0091                     	;# 
   406  0092                     	;# 
   407  0093                     	;# 
   408  0094                     	;# 
   409  0095                     	;# 
   410  0096                     	;# 
   411  0097                     	;# 
   412  0098                     	;# 
   413  0099                     	;# 
   414  009A                     	;# 
   415  009B                     	;# 
   416  009B                     	;# 
   417  009C                     	;# 
   418  009D                     	;# 
   419  009E                     	;# 
   420  010C                     	;# 
   421  010D                     	;# 
   422  010E                     	;# 
   423  0111                     	;# 
   424  0112                     	;# 
   425  0113                     	;# 
   426  0114                     	;# 
   427  0115                     	;# 
   428  0116                     	;# 
   429  0117                     	;# 
   430  0118                     	;# 
   431  0119                     	;# 
   432  011A                     	;# 
   433  011B                     	;# 
   434  011D                     	;# 
   435  011E                     	;# 
   436  018C                     	;# 
   437  018D                     	;# 
   438  018E                     	;# 
   439  0191                     	;# 
   440  0191                     	;# 
   441  0192                     	;# 
   442  0193                     	;# 
   443  0193                     	;# 
   444  0193                     	;# 
   445  0194                     	;# 
   446  0195                     	;# 
   447  0196                     	;# 
   448  0199                     	;# 
   449  019A                     	;# 
   450  019B                     	;# 
   451  019B                     	;# 
   452  019C                     	;# 
   453  019D                     	;# 
   454  019E                     	;# 
   455  019F                     	;# 
   456  020C                     	;# 
   457  020D                     	;# 
   458  020E                     	;# 
   459  0211                     	;# 
   460  0211                     	;# 
   461  0212                     	;# 
   462  0212                     	;# 
   463  0213                     	;# 
   464  0213                     	;# 
   465  0214                     	;# 
   466  0214                     	;# 
   467  0215                     	;# 
   468  0215                     	;# 
   469  0215                     	;# 
   470  0216                     	;# 
   471  0216                     	;# 
   472  0217                     	;# 
   473  0217                     	;# 
   474  0219                     	;# 
   475  021A                     	;# 
   476  021B                     	;# 
   477  021C                     	;# 
   478  021D                     	;# 
   479  021E                     	;# 
   480  021F                     	;# 
   481  0291                     	;# 
   482  0291                     	;# 
   483  0292                     	;# 
   484  0293                     	;# 
   485  0294                     	;# 
   486  0295                     	;# 
   487  0295                     	;# 
   488  0296                     	;# 
   489  0298                     	;# 
   490  0298                     	;# 
   491  0299                     	;# 
   492  029A                     	;# 
   493  029B                     	;# 
   494  029C                     	;# 
   495  029D                     	;# 
   496  029E                     	;# 
   497  0311                     	;# 
   498  0311                     	;# 
   499  0312                     	;# 
   500  0313                     	;# 
   501  0318                     	;# 
   502  0318                     	;# 
   503  0319                     	;# 
   504  031A                     	;# 
   505  038C                     	;# 
   506  038D                     	;# 
   507  038E                     	;# 
   508  0391                     	;# 
   509  0392                     	;# 
   510  0393                     	;# 
   511  0394                     	;# 
   512  0395                     	;# 
   513  0396                     	;# 
   514  039A                     	;# 
   515  039C                     	;# 
   516  039D                     	;# 
   517  039E                     	;# 
   518  039F                     	;# 
   519  0415                     	;# 
   520  0416                     	;# 
   521  0417                     	;# 
   522  041C                     	;# 
   523  041D                     	;# 
   524  041E                     	;# 
   525  0FE4                     	;# 
   526  0FE5                     	;# 
   527  0FE6                     	;# 
   528  0FE7                     	;# 
   529  0FE8                     	;# 
   530  0FE9                     	;# 
   531  0FEA                     	;# 
   532  0FEB                     	;# 
   533  0FED                     	;# 
   534  0FEE                     	;# 
   535  0FEF                     	;# 
   536  0099                     _OSCCON	set	153
   537                           
   538                           ; #config settings
   539  0000                     
   540                           	psect	cinit
   541  07FD                     start_initialization:	
   542  07FD                     __initialization:	
   543  07FD                     end_of_initialization:	
   544                           ;End of C runtime variable initialization code
   545                           
   546  07FD                     __end_of__initialization:	
   547  07FD  0020               	movlb	0
   548  07FE  3187  2FED         	ljmp	_main	;jump to C main() function
   549                           
   550                           	psect	cstackCOMMON
   551  0070                     __pcstackCOMMON:	
   552  0070                     ?_oscillatorInit:	
   553  0070                     ??_oscillatorInit:	
   554                           ; 1 bytes @ 0x0
   555                           
   556  0070                     ?_main:	
   557                           ; 1 bytes @ 0x0
   558                           
   559  0070                     ??_main:	
   560                           ; 1 bytes @ 0x0
   561                           
   562                           
   563                           ; 1 bytes @ 0x0
   564  0070                     	ds	2
   565                           
   566                           	psect	maintext
   567  07ED                     __pmaintext:	
   568 ;;
   569 ;;Main: autosize = 0, tempsize = 2, incstack = 0, save=0
   570 ;;
   571 ;; *************** function _main *****************
   572 ;; Defined at:
   573 ;;		line 29 in file "main.c"
   574 ;; Parameters:    Size  Location     Type
   575 ;;		None
   576 ;; Auto vars:     Size  Location     Type
   577 ;;		None
   578 ;; Return value:  Size  Location     Type
   579 ;;                  1    wreg      void 
   580 ;; Registers used:
   581 ;;		wreg, status,2, status,0, pclath, cstack
   582 ;; Tracked objects:
   583 ;;		On entry : B1F/0
   584 ;;		On exit  : 0/0
   585 ;;		Unchanged: 0/0
   586 ;; Data sizes:     COMMON   BANK0   BANK1   BANK2   BANK3   BANK4   BANK5   BANK6   BANK7   BANK8   BANK9  BANK10  BANK1
      +1  BANK12
   587 ;;      Params:         0       0       0       0       0       0       0       0       0       0       0       0       
      +0       0
   588 ;;      Locals:         0       0       0       0       0       0       0       0       0       0       0       0       
      +0       0
   589 ;;      Temps:          2       0       0       0       0       0       0       0       0       0       0       0       
      +0       0
   590 ;;      Totals:         2       0       0       0       0       0       0       0       0       0       0       0       
      +0       0
   591 ;;Total ram usage:        2 bytes
   592 ;; Hardware stack levels required when called:    1
   593 ;; This function calls:
   594 ;;		_oscillatorInit
   595 ;; This function is called by:
   596 ;;		Startup code after reset
   597 ;; This function uses a non-reentrant model
   598 ;;
   599                           
   600                           
   601                           ;psect for function _main
   602  07ED                     _main:	
   603                           
   604                           ;main.c: 31:     oscillatorInit();
   605                           
   606                           ;incstack = 0
   607                           ; Regs used in _main: [wreg+status,2+status,0+pclath+cstack]
   608  07ED  3187  27E9  3187   	fcall	_oscillatorInit
   609                           
   610                           ;main.c: 32:     _delay((unsigned long)((1000)*(8000000/4000.0)));
   611  07F0  300B               	movlw	11
   612  07F1  00F1               	movwf	??_main+1
   613  07F2  3026               	movlw	38
   614  07F3  00F0               	movwf	??_main
   615  07F4  305E               	movlw	94
   616  07F5                     u17:	
   617  07F5  0B89               	decfsz	9,f
   618  07F6  2FF5               	goto	u17
   619  07F7  0BF0               	decfsz	??_main,f
   620  07F8  2FF5               	goto	u17
   621  07F9  0BF1               	decfsz	??_main+1,f
   622  07FA  2FF5               	goto	u17
   623  07FB  3180  2802         	ljmp	start
   624  07FD                     __end_of_main:	
   625                           
   626                           	psect	text1
   627  07E9                     __ptext1:	
   628 ;; *************** function _oscillatorInit *****************
   629 ;; Defined at:
   630 ;;		line 4 in file "oscillatorInit.c"
   631 ;; Parameters:    Size  Location     Type
   632 ;;		None
   633 ;; Auto vars:     Size  Location     Type
   634 ;;		None
   635 ;; Return value:  Size  Location     Type
   636 ;;                  1    wreg      void 
   637 ;; Registers used:
   638 ;;		wreg
   639 ;; Tracked objects:
   640 ;;		On entry : 0/0
   641 ;;		On exit  : 0/0
   642 ;;		Unchanged: 0/0
   643 ;; Data sizes:     COMMON   BANK0   BANK1   BANK2   BANK3   BANK4   BANK5   BANK6   BANK7   BANK8   BANK9  BANK10  BANK1
      +1  BANK12
   644 ;;      Params:         0       0       0       0       0       0       0       0       0       0       0       0       
      +0       0
   645 ;;      Locals:         0       0       0       0       0       0       0       0       0       0       0       0       
      +0       0
   646 ;;      Temps:          0       0       0       0       0       0       0       0       0       0       0       0       
      +0       0
   647 ;;      Totals:         0       0       0       0       0       0       0       0       0       0       0       0       
      +0       0
   648 ;;Total ram usage:        0 bytes
   649 ;; Hardware stack levels used:    1
   650 ;; This function calls:
   651 ;;		Nothing
   652 ;; This function is called by:
   653 ;;		_main
   654 ;; This function uses a non-reentrant model
   655 ;;
   656                           
   657                           
   658                           ;psect for function _oscillatorInit
   659  07E9                     _oscillatorInit:	
   660                           
   661                           ;oscillatorInit.c: 6:     OSCCON = 0x72;
   662                           
   663                           ;incstack = 0
   664                           ; Regs used in _oscillatorInit: [wreg]
   665  07E9  3072               	movlw	114
   666  07EA  0021               	movlb	1	; select bank1
   667  07EB  0099               	movwf	25	;volatile
   668  07EC  0008               	return
   669  07ED                     __end_of_oscillatorInit:	
   670  007E                     btemp	set	126	;btemp
   671  007E                     wtemp0	set	126


Data Sizes:
    Strings     0
    Constant    0
    Data        0
    BSS         0
    Persistent  32
    Stack       0

Auto Spaces:
    Space          Size  Autos    Used
    COMMON           14      2       2
    BANK0            80      0       0
    BANK1            80      0       0
    BANK2            80      0       0
    BANK3            80      0       0
    BANK4            80      0       0
    BANK5            80      0       0
    BANK6            80      0       0
    BANK7            80      0       0
    BANK8            80      0       0
    BANK9            80      0       0
    BANK10           80      0       0
    BANK11           80      0       0
    BANK12           48      0       0

Pointer List with Targets:

    None.

Critical Paths under _main in COMMON

    None.

Critical Paths under _main in BANK0

    None.

Critical Paths under _main in BANK1

    None.

Critical Paths under _main in BANK2

    None.

Critical Paths under _main in BANK3

    None.

Critical Paths under _main in BANK4

    None.

Critical Paths under _main in BANK5

    None.

Critical Paths under _main in BANK6

    None.

Critical Paths under _main in BANK7

    None.

Critical Paths under _main in BANK8

    None.

Critical Paths under _main in BANK9

    None.

Critical Paths under _main in BANK10

    None.

Critical Paths under _main in BANK11

    None.

Critical Paths under _main in BANK12

    None.

Call Graph Tables:

 ---------------------------------------------------------------------------------
 (Depth) Function   	        Calls       Base Space   Used Autos Params    Refs
 ---------------------------------------------------------------------------------
 (0) _main                                                 2     2      0       0
                                              0 COMMON     2     2      0
                     _oscillatorInit
 ---------------------------------------------------------------------------------
 (1) _oscillatorInit                                       0     0      0       0
 ---------------------------------------------------------------------------------
 Estimated maximum stack depth 1
 ---------------------------------------------------------------------------------

 Call Graph Graphs:

 _main (ROOT)
   _oscillatorInit

 Address spaces:
Name               Size   Autos  Total    Cost      Usage
BIGRAM             3F0      0       0       0        0.0%
EEDATA             100      0       0       0        0.0%
NULL                 0      0       0       0        0.0%
CODE                 0      0       0       0        0.0%
BITCOMMON            E      0       0       1        0.0%
BITSFR0              0      0       0       1        0.0%
SFR0                 0      0       0       1        0.0%
COMMON               E      2       2       2       14.3%
BITSFR1              0      0       0       2        0.0%
SFR1                 0      0       0       2        0.0%
BITSFR2              0      0       0       3        0.0%
SFR2                 0      0       0       3        0.0%
STACK                0      0       0       3        0.0%
BITBANK0            50      0       0       4        0.0%
BITSFR3              0      0       0       4        0.0%
SFR3                 0      0       0       4        0.0%
BANK0               50      0       0       5        0.0%
BITSFR4              0      0       0       5        0.0%
SFR4                 0      0       0       5        0.0%
BITBANK1            50      0       0       6        0.0%
BITSFR5              0      0       0       6        0.0%
SFR5                 0      0       0       6        0.0%
BANK1               50      0       0       7        0.0%
BITSFR6              0      0       0       7        0.0%
SFR6                 0      0       0       7        0.0%
BITBANK2            50      0       0       8        0.0%
BITSFR7              0      0       0       8        0.0%
SFR7                 0      0       0       8        0.0%
BANK2               50      0       0       9        0.0%
BITSFR8              0      0       0       9        0.0%
SFR8                 0      0       0       9        0.0%
BITBANK3            50      0       0      10        0.0%
BITSFR9              0      0       0      10        0.0%
SFR9                 0      0       0      10        0.0%
BANK3               50      0       0      11        0.0%
BITSFR10             0      0       0      11        0.0%
SFR10                0      0       0      11        0.0%
BITBANK4            50      0       0      12        0.0%
BITSFR11             0      0       0      12        0.0%
SFR11                0      0       0      12        0.0%
BANK4               50      0       0      13        0.0%
BITSFR12             0      0       0      13        0.0%
SFR12                0      0       0      13        0.0%
BITBANK5            50      0       0      14        0.0%
BITSFR13             0      0       0      14        0.0%
SFR13                0      0       0      14        0.0%
BANK5               50      0       0      15        0.0%
BITSFR14             0      0       0      15        0.0%
SFR14                0      0       0      15        0.0%
BITBANK6            50      0       0      16        0.0%
BITSFR15             0      0       0      16        0.0%
SFR15                0      0       0      16        0.0%
BANK6               50      0       0      17        0.0%
BITSFR16             0      0       0      17        0.0%
SFR16                0      0       0      17        0.0%
BITBANK7            50      0       0      18        0.0%
BITSFR17             0      0       0      18        0.0%
SFR17                0      0       0      18        0.0%
BANK7               50      0       0      19        0.0%
BITSFR18             0      0       0      19        0.0%
SFR18                0      0       0      19        0.0%
BITSFR19             0      0       0      20        0.0%
SFR19                0      0       0      20        0.0%
ABS                  0      0       0      20        0.0%
BITBANK8            50      0       0      21        0.0%
BITSFR20             0      0       0      21        0.0%
SFR20                0      0       0      21        0.0%
BANK8               50      0       0      22        0.0%
BITSFR21             0      0       0      22        0.0%
SFR21                0      0       0      22        0.0%
BITBANK9            50      0       0      23        0.0%
BITSFR22             0      0       0      23        0.0%
SFR22                0      0       0      23        0.0%
BANK9               50      0       0      24        0.0%
BITSFR23             0      0       0      24        0.0%
SFR23                0      0       0      24        0.0%
BITBANK10           50      0       0      25        0.0%
BITSFR24             0      0       0      25        0.0%
SFR24                0      0       0      25        0.0%
BANK10              50      0       0      26        0.0%
BITSFR25             0      0       0      26        0.0%
SFR25                0      0       0      26        0.0%
BITBANK11           50      0       0      27        0.0%
BITSFR26             0      0       0      27        0.0%
SFR26                0      0       0      27        0.0%
BANK11              50      0       0      28        0.0%
BITSFR27             0      0       0      28        0.0%
SFR27                0      0       0      28        0.0%
BITBANK12           30      0       0      29        0.0%
BITSFR28             0      0       0      29        0.0%
SFR28                0      0       0      29        0.0%
BANK12              30      0       0      30        0.0%
BITSFR29             0      0       0      30        0.0%
SFR29                0      0       0      30        0.0%
BITSFR30             0      0       0      31        0.0%
SFR30                0      0       0      31        0.0%
DATA                 0      0       0      31        0.0%
BITSFR31             0      0       0      32        0.0%
SFR31                0      0       0      32        0.0%


Microchip Technology PIC Macro Assembler V2.05 build -831301201 
Symbol Table                                                                                   Sat May 18 15:07:21 2019

            __CFG_CP$OFF 0000                       u17 07F5              __CFG_LVP$ON 0000  
           __CFG_CPD$OFF 0000             __CFG_BORV$LO 0000                      wreg 0009  
           __CFG_WRT$OFF 0000                     _main 07ED                     btemp 007E  
                   start 0002            __CFG_IESO$OFF 0000                    ?_main 0070  
          __CFG_WDTE$OFF 0000           __CFG_FCMEN$OFF 0000           __CFG_BOREN$OFF 0000  
                  wtemp0 007E           __CFG_MCLRE$OFF 0000          __initialization 07FD  
           __end_of_main 07FD                   ??_main 0070           __CFG_PLLEN$OFF 0000  
                 _OSCCON 0099           __CFG_PWRTE$OFF 0000  __end_of__initialization 07FD  
         __pcstackCOMMON 0070  __size_of_oscillatorInit 0004               __pmaintext 07ED  
        __CFG_STVREN$OFF 0000                  __ptext1 07E9     end_of_initialization 07FD  
       __CFG_CLKOUTEN$ON 0000           _oscillatorInit 07E9         __CFG_FOSC$INTOSC 0000  
 __end_of_oscillatorInit 07ED      start_initialization 07FD          ?_oscillatorInit 0070  
              ___latbits 0002            __size_of_main 0010         ??_oscillatorInit 0070  
